-------------------------------------------------------------------------------
Test set: com.sg.vendingmachine.dao.VendingMachineDaoTest
-------------------------------------------------------------------------------
Tests run: 3, Failures: 3, Errors: 0, Skipped: 0, Time elapsed: 0 sec <<< FAILURE!
com.sg.vendingmachine.dao.VendingMachineDaoTest.testListAllItems()  Time elapsed: 0 sec  <<< FAILURE!
com.sg.vendingmachine.dao.VendingMachinePersistenceException: -_- Could not load reciept data into memory.
	at com.sg.vendingmachine.dao.VendingMachineDaoFileImpl.loadReciept(VendingMachineDaoFileImpl.java:70)
	at com.sg.vendingmachine.dao.VendingMachineDaoFileImpl.getAllItems(VendingMachineDaoFileImpl.java:40)
	at com.sg.vendingmachine.dao.VendingMachineDaoTest.testListAllItems(VendingMachineDaoTest.java:83)
Caused by: java.io.FileNotFoundException: TESTreciept.txt (The system cannot find the file specified)
	at java.base/java.io.FileInputStream.open0(Native Method)
	at java.base/java.io.FileInputStream.open(FileInputStream.java:219)
	at java.base/java.io.FileInputStream.<init>(FileInputStream.java:157)
	at java.base/java.io.FileInputStream.<init>(FileInputStream.java:112)
	at java.base/java.io.FileReader.<init>(FileReader.java:60)
	at com.sg.vendingmachine.dao.VendingMachineDaoFileImpl.loadReciept(VendingMachineDaoFileImpl.java:66)
	... 20 more

com.sg.vendingmachine.dao.VendingMachineDaoTest.testGetItem()  Time elapsed: 0 sec  <<< FAILURE!
com.sg.vendingmachine.dao.VendingMachinePersistenceException: -_- Could not load reciept data into memory.
	at com.sg.vendingmachine.dao.VendingMachineDaoFileImpl.loadReciept(VendingMachineDaoFileImpl.java:70)
	at com.sg.vendingmachine.dao.VendingMachineDaoFileImpl.getItem(VendingMachineDaoFileImpl.java:47)
	at com.sg.vendingmachine.dao.VendingMachineDaoTest.testGetItem(VendingMachineDaoTest.java:93)
Caused by: java.io.FileNotFoundException: TESTreciept.txt (The system cannot find the file specified)
	at java.base/java.io.FileInputStream.open0(Native Method)
	at java.base/java.io.FileInputStream.open(FileInputStream.java:219)
	at java.base/java.io.FileInputStream.<init>(FileInputStream.java:157)
	at java.base/java.io.FileInputStream.<init>(FileInputStream.java:112)
	at java.base/java.io.FileReader.<init>(FileReader.java:60)
	at com.sg.vendingmachine.dao.VendingMachineDaoFileImpl.loadReciept(VendingMachineDaoFileImpl.java:66)
	... 20 more

com.sg.vendingmachine.dao.VendingMachineDaoTest.testPurchaseItem()  Time elapsed: 0 sec  <<< FAILURE!
com.sg.vendingmachine.dao.VendingMachinePersistenceException: -_- Could not load reciept data into memory.
	at com.sg.vendingmachine.dao.VendingMachineDaoFileImpl.loadReciept(VendingMachineDaoFileImpl.java:70)
	at com.sg.vendingmachine.dao.VendingMachineDaoFileImpl.getItem(VendingMachineDaoFileImpl.java:47)
	at com.sg.vendingmachine.dao.VendingMachineDaoFileImpl.buyItem(VendingMachineDaoFileImpl.java:55)
	at com.sg.vendingmachine.dao.VendingMachineDaoTest.testPurchaseItem(VendingMachineDaoTest.java:101)
Caused by: java.io.FileNotFoundException: TESTreciept.txt (The system cannot find the file specified)
	at java.base/java.io.FileInputStream.open0(Native Method)
	at java.base/java.io.FileInputStream.open(FileInputStream.java:219)
	at java.base/java.io.FileInputStream.<init>(FileInputStream.java:157)
	at java.base/java.io.FileInputStream.<init>(FileInputStream.java:112)
	at java.base/java.io.FileReader.<init>(FileReader.java:60)
	at com.sg.vendingmachine.dao.VendingMachineDaoFileImpl.loadReciept(VendingMachineDaoFileImpl.java:66)
	... 21 more

