-------------------------------------------------------------------------------
Test set: com.sg.vendingmachine.service.VendingMachineServiceLayerTest
-------------------------------------------------------------------------------
Tests run: 5, Failures: 5, Errors: 0, Skipped: 0, Time elapsed: 0 sec <<< FAILURE!
com.sg.vendingmachine.service.VendingMachineServiceLayerTest.testGetItem()  Time elapsed: 0 sec  <<< FAILURE!
com.sg.vendingmachine.dao.VendingMachinePersistenceException: -_- Could not load reciept data into memory.
	at com.sg.vendingmachine.dao.VendingMachineDaoFileImpl.loadReciept(VendingMachineDaoFileImpl.java:70)
	at com.sg.vendingmachine.dao.VendingMachineDaoFileImpl.getItem(VendingMachineDaoFileImpl.java:47)
	at com.sg.vendingmachine.service.VendingMachineServiceLayerImpl.getItem(VendingMachineServiceLayerImpl.java:45)
	at com.sg.vendingmachine.service.VendingMachineServiceLayerTest.testGetItem(VendingMachineServiceLayerTest.java:104)
Caused by: java.io.FileNotFoundException: TESTreciept.txt (The system cannot find the file specified)
	at java.base/java.io.FileInputStream.open0(Native Method)
	at java.base/java.io.FileInputStream.open(FileInputStream.java:219)
	at java.base/java.io.FileInputStream.<init>(FileInputStream.java:157)
	at java.base/java.io.FileInputStream.<init>(FileInputStream.java:112)
	at java.base/java.io.FileReader.<init>(FileReader.java:60)
	at com.sg.vendingmachine.dao.VendingMachineDaoFileImpl.loadReciept(VendingMachineDaoFileImpl.java:66)
	... 21 more

com.sg.vendingmachine.service.VendingMachineServiceLayerTest.testPurchaseItem()  Time elapsed: 0 sec  <<< FAILURE!
com.sg.vendingmachine.dao.VendingMachinePersistenceException: -_- Could not load reciept data into memory.
	at com.sg.vendingmachine.dao.VendingMachineDaoFileImpl.loadReciept(VendingMachineDaoFileImpl.java:70)
	at com.sg.vendingmachine.dao.VendingMachineDaoFileImpl.getItem(VendingMachineDaoFileImpl.java:47)
	at com.sg.vendingmachine.service.VendingMachineServiceLayerImpl.buyItem(VendingMachineServiceLayerImpl.java:54)
	at com.sg.vendingmachine.service.VendingMachineServiceLayerTest.testPurchaseItem(VendingMachineServiceLayerTest.java:112)
Caused by: java.io.FileNotFoundException: TESTreciept.txt (The system cannot find the file specified)
	at java.base/java.io.FileInputStream.open0(Native Method)
	at java.base/java.io.FileInputStream.open(FileInputStream.java:219)
	at java.base/java.io.FileInputStream.<init>(FileInputStream.java:157)
	at java.base/java.io.FileInputStream.<init>(FileInputStream.java:112)
	at java.base/java.io.FileReader.<init>(FileReader.java:60)
	at com.sg.vendingmachine.dao.VendingMachineDaoFileImpl.loadReciept(VendingMachineDaoFileImpl.java:66)
	... 21 more

com.sg.vendingmachine.service.VendingMachineServiceLayerTest.testPurchaseItemInsufficientFundsExp()  Time elapsed: 0 sec  <<< FAILURE!
com.sg.vendingmachine.dao.VendingMachinePersistenceException: -_- Could not load reciept data into memory.
	at com.sg.vendingmachine.dao.VendingMachineDaoFileImpl.loadReciept(VendingMachineDaoFileImpl.java:70)
	at com.sg.vendingmachine.dao.VendingMachineDaoFileImpl.getItem(VendingMachineDaoFileImpl.java:47)
	at com.sg.vendingmachine.service.VendingMachineServiceLayerImpl.buyItem(VendingMachineServiceLayerImpl.java:54)
	at com.sg.vendingmachine.service.VendingMachineServiceLayerTest.testPurchaseItemInsufficientFundsExp(VendingMachineServiceLayerTest.java:119)
Caused by: java.io.FileNotFoundException: TESTreciept.txt (The system cannot find the file specified)
	at java.base/java.io.FileInputStream.open0(Native Method)
	at java.base/java.io.FileInputStream.open(FileInputStream.java:219)
	at java.base/java.io.FileInputStream.<init>(FileInputStream.java:157)
	at java.base/java.io.FileInputStream.<init>(FileInputStream.java:112)
	at java.base/java.io.FileReader.<init>(FileReader.java:60)
	at com.sg.vendingmachine.dao.VendingMachineDaoFileImpl.loadReciept(VendingMachineDaoFileImpl.java:66)
	... 21 more

com.sg.vendingmachine.service.VendingMachineServiceLayerTest.testGetAllItems()  Time elapsed: 0 sec  <<< FAILURE!
com.sg.vendingmachine.dao.VendingMachinePersistenceException: -_- Could not load reciept data into memory.
	at com.sg.vendingmachine.dao.VendingMachineDaoFileImpl.loadReciept(VendingMachineDaoFileImpl.java:70)
	at com.sg.vendingmachine.dao.VendingMachineDaoFileImpl.getAllItems(VendingMachineDaoFileImpl.java:40)
	at com.sg.vendingmachine.service.VendingMachineServiceLayerImpl.getAllItems(VendingMachineServiceLayerImpl.java:39)
	at com.sg.vendingmachine.service.VendingMachineServiceLayerTest.testGetAllItems(VendingMachineServiceLayerTest.java:95)
Caused by: java.io.FileNotFoundException: TESTreciept.txt (The system cannot find the file specified)
	at java.base/java.io.FileInputStream.open0(Native Method)
	at java.base/java.io.FileInputStream.open(FileInputStream.java:219)
	at java.base/java.io.FileInputStream.<init>(FileInputStream.java:157)
	at java.base/java.io.FileInputStream.<init>(FileInputStream.java:112)
	at java.base/java.io.FileReader.<init>(FileReader.java:60)
	at com.sg.vendingmachine.dao.VendingMachineDaoFileImpl.loadReciept(VendingMachineDaoFileImpl.java:66)
	... 21 more

com.sg.vendingmachine.service.VendingMachineServiceLayerTest.testNoInventoryExp()  Time elapsed: 0 sec  <<< FAILURE!
com.sg.vendingmachine.dao.VendingMachinePersistenceException: -_- Could not load reciept data into memory.
	at com.sg.vendingmachine.dao.VendingMachineDaoFileImpl.loadReciept(VendingMachineDaoFileImpl.java:70)
	at com.sg.vendingmachine.dao.VendingMachineDaoFileImpl.getItem(VendingMachineDaoFileImpl.java:47)
	at com.sg.vendingmachine.service.VendingMachineServiceLayerImpl.buyItem(VendingMachineServiceLayerImpl.java:54)
	at com.sg.vendingmachine.service.VendingMachineServiceLayerTest.testNoInventoryExp(VendingMachineServiceLayerTest.java:127)
Caused by: java.io.FileNotFoundException: TESTreciept.txt (The system cannot find the file specified)
	at java.base/java.io.FileInputStream.open0(Native Method)
	at java.base/java.io.FileInputStream.open(FileInputStream.java:219)
	at java.base/java.io.FileInputStream.<init>(FileInputStream.java:157)
	at java.base/java.io.FileInputStream.<init>(FileInputStream.java:112)
	at java.base/java.io.FileReader.<init>(FileReader.java:60)
	at com.sg.vendingmachine.dao.VendingMachineDaoFileImpl.loadReciept(VendingMachineDaoFileImpl.java:66)
	... 21 more

