<?xml version="1.0" encoding="UTF-8" ?>
<testsuite tests="1" failures="1" name="com.sg.vendingmachine.dao.VendingMachineDaoFileImplTest" time="0" errors="0" skipped="0">
  <properties>
[...]
</properties>
  <testcase classname="com.sg.vendingmachine.dao.VendingMachineDaoFileImplTest" name="com.sg.vendingmachine.dao.VendingMachineDaoFileImplTest.testSomeMethod" time="0">
    <failure message="The test case is a prototype." type="org.opentest4j.AssertionFailedError">org.opentest4j.AssertionFailedError: The test case is a prototype.
	at org.junit.jupiter.api.AssertionUtils.fail(AssertionUtils.java:39)
	at org.junit.jupiter.api.Assertions.fail(Assertions.java:109)
	at com.sg.vendingmachine.dao.VendingMachineDaoFileImplTest.testSomeMethod(VendingMachineDaoFileImplTest.java:50)
</failure>
  </testcase>
</testsuite>